populations v2.60, executed 2022-01-13 16:43:12 (zlib-1.2.11)
/usr/local/bin/populations -P ./pipeline -M ../popmap -t 12 --min-samples-per-pop 75 --min-populations 10 --fasta-samples --filter-haplotype-wise
Locus/sample distributions will be written to './pipeline/populations.log.distribs'.
populations parameters selected:
  Percent samples limit per population: 0.75
  Locus Population limit: 10
  Percent samples overall: 0
  Minor allele frequency cutoff: 0
  Maximum observed heterozygosity cutoff: 1
  Applying Fst correction: none.
  Pi/Fis kernel smoothing: off
  F-stats kernel smoothing: off
  Bootstrap resampling: off

Parsing population map...
The population map contained 93 samples, 10 population(s), 1 group(s).
Working on 93 samples.
Working on 10 population(s):
    Oahu: 113OAPtu, 117OAPtu, 123OAPtu, 127OAPtu, 129OAPtu, 132OAPtu, 133OAPtu, 137OAPtu, 92OAPtu, 93OAPtu
    FrenchFrigateShoals: 149FFSPtu, 150FFSPtu, 151FFSPtu, 152FFSPtu, 153FFSPtu, 158FFSPtu, 159FFSPtu, 160FFSPtu, 161FFSPtu
    MaroReef: 164MRPtu, 165MRPtu, 169MRPtu, 172MRPtu, 175MRPtu
    Pearl_Hermes: 178PHPtu, 179PHPtu, 180PHPtu, 181PHPtu
    Kure: 187KURPtu, 188KURPtu, 190KURPtu, 191KURPtu, 192KURPtu, 193KURPtu, 197KURPtu, 198KURPtu, 202KURPtu, 204KURPtu
    PioneerBanks: 210PBPtu, 211PBPtu, 214PBPtu
    Maui: 220MAPtu, 222MAPtu, 228MAPtu, 233MAPtu, 238MAPtu, 246MAPtu, 78MAPtu, 79MAPtu, 80MAPtu, 85MAPtu
    Molokai: 314MOPtu, 317MOPtu, 319MOPtu, 322MOPtu, 326MOPtu, 330MOPtu, 332MOPtu, 348MOPtu, 350MOPtu, 352MOPtu
    BigIsland: 393BIPtu, 397BIPtu, 398BIPtu, 399BIPtu, 405BIPtu, 408BIPtu, 412BIPtu, 413BIPtu, 414BIPtu, 415BIPtu, 420BIPtu, 421BIPtu, 422BIPtu, 
               423BIPtu, 424BIPtu, 428BIPtu, 429BIPtu
    Kauai: 445KAPtu, 451KAPtu, 458KAPtu, 460KAPtu, 461KAPtu, 469KAPtu, 471KAPtu, 478KAPtu, 480KAPtu, 481KAPtu, 482KAPtu, 483KAPtu, 485KAPtu, 
           486KAPtu, 491KAPtu
Working on 1 group(s) of populations:
    defaultgrp: Oahu, FrenchFrigateShoals, MaroReef, Pearl_Hermes, Kure, PioneerBanks, Maui, Molokai, BigIsland, Kauai

FASTA consensus sequences for each sample will be written to './pipeline/populations.samples.fa'
Raw haplotypes will be written to './pipeline/populations.haplotypes.tsv'
Population-level summary statistics will be written to './pipeline/populations.sumstats.tsv'
Population-level haplotype summary statistics will be written to './pipeline/populations.hapstats.tsv'

Processing data in batches:
  * load a batch of catalog loci and apply filters
  * compute SNP- and haplotype-wise per-population statistics
  * write the above statistics in the output files
  * export the genotypes/haplotypes in specified format(s)
More details in './pipeline/populations.log.distribs'.

Now processing...
Batch 1 

Removed 2472544 loci that did not pass sample/population constraints from 2472655 loci.
Kept 111 loci, composed of 49262 sites; 452 of those sites were filtered, 299 variant sites remained.
Number of loci with PE contig: 111.00 (100.0%);
  Mean length of loci: 433.80bp (stderr 11.96);
Number of loci with SE/PE overlap: 111.00 (100.0%);
  Mean length of overlapping loci: 443.80bp (stderr 11.96); mean overlap: 31.00bp (stderr 0.00);
Mean genotyped sites per locus: 443.80bp (stderr 11.96).

Population summary statistics (more detail in populations.sumstats_summary.tsv):
  Oahu: 9.1338 samples per locus; pi: 0.021559; all/variant/polymorphic sites: 49262/299/46; private alleles: 23
  FrenchFrigateShoals: 7.8294 samples per locus; pi: 0.026958; all/variant/polymorphic sites: 49262/299/45; private alleles: 27
  MaroReef: 4.7592 samples per locus; pi: 0.022594; all/variant/polymorphic sites: 49262/299/24; private alleles: 8
  Pearl_Hermes: 3.3043 samples per locus; pi: 0.02631; all/variant/polymorphic sites: 49262/299/25; private alleles: 14
  Kure: 9.7793 samples per locus; pi: 0.019496; all/variant/polymorphic sites: 49262/299/43; private alleles: 28
  PioneerBanks: 3 samples per locus; pi: 0.014047; all/variant/polymorphic sites: 49262/299/11; private alleles: 4
  Maui: 8.3612 samples per locus; pi: 0.023782; all/variant/polymorphic sites: 49262/299/48; private alleles: 25
  Molokai: 9.291 samples per locus; pi: 0.029272; all/variant/polymorphic sites: 49262/299/52; private alleles: 24
  BigIsland: 16.09 samples per locus; pi: 0.026645; all/variant/polymorphic sites: 49262/299/83; private alleles: 42
  Kauai: 13.893 samples per locus; pi: 0.020928; all/variant/polymorphic sites: 49262/299/64; private alleles: 31
Populations is done.
